<?xml version="1.0" encoding="UTF-8"?>
<testng-results ignored="0" total="2" passed="2" failed="0" skipped="0">
  <reporter-output>
  </reporter-output>
  <suite started-at="2026-02-06T18:12:56 IST" name="Suite" finished-at="2026-02-06T18:13:55 IST" duration-ms="59227">
    <groups>
    </groups>
    <test started-at="2026-02-06T18:12:56 IST" name="Test" finished-at="2026-02-06T18:13:55 IST" duration-ms="59227">
      <class name="com.orangehrm.TestCases.VerifyLoginWithValidCredential">
        <test-method is-config="true" signature="browserSetup()[pri:0, instance:com.orangehrm.TestCases.VerifyLoginWithValidCredential@31dadd46]" started-at="2026-02-06T18:12:57 IST" name="browserSetup" finished-at="2026-02-06T18:13:22 IST" duration-ms="25351" status="PASS">
          <reporter-output>
          </reporter-output>
        </test-method> <!-- browserSetup -->
        <test-method signature="userLogin(java.lang.String,java.lang.String,java.lang.String)[pri:0, instance:com.orangehrm.TestCases.VerifyLoginWithValidCredential@31dadd46]" started-at="2026-02-06T18:13:22 IST" name="userLogin" data-provider="UserData" finished-at="2026-02-06T18:13:28 IST" duration-ms="5763" status="PASS">
          <params>
            <param index="0">
              <value>
                <![CDATA[Admin]]>
              </value>
            </param>
            <param index="1">
              <value>
                <![CDATA[admin123]]>
              </value>
            </param>
            <param index="2">
              <value>
                <![CDATA[Dashboard]]>
              </value>
            </param>
          </params>
          <reporter-output>
          </reporter-output>
        </test-method> <!-- userLogin -->
      </class> <!-- com.orangehrm.TestCases.VerifyLoginWithValidCredential -->
      <class name="com.orangehrm.TestCases.VerifyAdminPage">
        <test-method is-config="true" signature="browserSetup()[pri:0, instance:com.orangehrm.TestCases.VerifyAdminPage@460ebd80]" started-at="2026-02-06T18:13:28 IST" name="browserSetup" finished-at="2026-02-06T18:13:45 IST" duration-ms="16273" status="PASS">
          <reporter-output>
          </reporter-output>
        </test-method> <!-- browserSetup -->
        <test-method signature="userAdminPage(java.lang.String,java.lang.String,java.lang.String)[pri:0, instance:com.orangehrm.TestCases.VerifyAdminPage@460ebd80]" started-at="2026-02-06T18:13:45 IST" name="userAdminPage" data-provider="UserVerifyOnAdminPage" finished-at="2026-02-06T18:13:55 IST" duration-ms="10790" status="PASS">
          <params>
            <param index="0">
              <value>
                <![CDATA[Admin]]>
              </value>
            </param>
            <param index="1">
              <value>
                <![CDATA[admin123]]>
              </value>
            </param>
            <param index="2">
              <value>
                <![CDATA[Admin]]>
              </value>
            </param>
          </params>
          <reporter-output>
          </reporter-output>
        </test-method> <!-- userAdminPage -->
      </class> <!-- com.orangehrm.TestCases.VerifyAdminPage -->
    </test> <!-- Test -->
  </suite> <!-- Suite -->
</testng-results>
