<?xml version="1.0" encoding="UTF-8"?>
<testng-results ignored="0" total="2" passed="2" failed="0" skipped="0">
  <reporter-output>
  </reporter-output>
  <suite started-at="2026-02-13T15:18:07 IST" name="Suite" finished-at="2026-02-13T15:19:41 IST" duration-ms="94284">
    <groups>
    </groups>
    <test started-at="2026-02-13T15:18:07 IST" name="Test" finished-at="2026-02-13T15:19:41 IST" duration-ms="94284">
      <class name="com.orangehrm.TestCases.VerifyLoginWithValidCredential">
        <test-method is-config="true" signature="browserSetup()[pri:0, instance:com.orangehrm.TestCases.VerifyLoginWithValidCredential@663411de]" started-at="2026-02-13T15:18:08 IST" name="browserSetup" finished-at="2026-02-13T15:18:36 IST" duration-ms="28887" status="PASS">
          <reporter-output>
          </reporter-output>
        </test-method> <!-- browserSetup -->
        <test-method signature="userLogin(java.lang.String,java.lang.String,java.lang.String)[pri:0, instance:com.orangehrm.TestCases.VerifyLoginWithValidCredential@663411de]" started-at="2026-02-13T15:18:36 IST" name="userLogin" data-provider="UserData" finished-at="2026-02-13T15:18:47 IST" duration-ms="10581" status="PASS">
          <params>
            <param index="0">
              <value>
                <![CDATA[Admin]]>
              </value>
            </param>
            <param index="1">
              <value>
                <![CDATA[admin123]]>
              </value>
            </param>
            <param index="2">
              <value>
                <![CDATA[Dashboard]]>
              </value>
            </param>
          </params>
          <reporter-output>
          </reporter-output>
        </test-method> <!-- userLogin -->
        <test-method is-config="true" signature="tearDown()[pri:0, instance:com.orangehrm.TestCases.VerifyLoginWithValidCredential@663411de]" started-at="2026-02-13T15:18:47 IST" name="tearDown" finished-at="2026-02-13T15:18:48 IST" duration-ms="926" status="PASS">
          <reporter-output>
          </reporter-output>
        </test-method> <!-- tearDown -->
      </class> <!-- com.orangehrm.TestCases.VerifyLoginWithValidCredential -->
      <class name="com.orangehrm.TestCases.VerifyAdminPage">
        <test-method is-config="true" signature="browserSetup()[pri:0, instance:com.orangehrm.TestCases.VerifyAdminPage@fade1fc]" started-at="2026-02-13T15:18:48 IST" name="browserSetup" finished-at="2026-02-13T15:19:20 IST" duration-ms="31908" status="PASS">
          <reporter-output>
          </reporter-output>
        </test-method> <!-- browserSetup -->
        <test-method signature="userAdminPage(java.lang.String,java.lang.String,java.lang.String)[pri:0, instance:com.orangehrm.TestCases.VerifyAdminPage@fade1fc]" started-at="2026-02-13T15:19:20 IST" name="userAdminPage" data-provider="UserVerifyOnAdminPage" finished-at="2026-02-13T15:19:40 IST" duration-ms="19859" status="PASS">
          <params>
            <param index="0">
              <value>
                <![CDATA[Admin]]>
              </value>
            </param>
            <param index="1">
              <value>
                <![CDATA[admin123]]>
              </value>
            </param>
            <param index="2">
              <value>
                <![CDATA[Admin]]>
              </value>
            </param>
          </params>
          <reporter-output>
          </reporter-output>
        </test-method> <!-- userAdminPage -->
        <test-method is-config="true" signature="tearDown()[pri:0, instance:com.orangehrm.TestCases.VerifyAdminPage@fade1fc]" started-at="2026-02-13T15:19:40 IST" name="tearDown" finished-at="2026-02-13T15:19:41 IST" duration-ms="1068" status="PASS">
          <reporter-output>
          </reporter-output>
        </test-method> <!-- tearDown -->
      </class> <!-- com.orangehrm.TestCases.VerifyAdminPage -->
    </test> <!-- Test -->
  </suite> <!-- Suite -->
</testng-results>
