<?xml version="1.0" encoding="UTF-8"?>
<testng-results ignored="0" total="2" passed="2" failed="0" skipped="0">
  <reporter-output>
  </reporter-output>
  <suite started-at="2026-01-23T18:05:07 IST" name="Suite" finished-at="2026-01-23T18:05:36 IST" duration-ms="28413">
    <groups>
    </groups>
    <test started-at="2026-01-23T18:05:07 IST" name="Test" finished-at="2026-01-23T18:05:36 IST" duration-ms="28413">
      <class name="com.orangehrm.TestCases.VerifyLoginWithValidCredential">
        <test-method is-config="true" signature="browserSetup()[pri:0, instance:com.orangehrm.TestCases.VerifyLoginWithValidCredential@74e52ef6]" started-at="2026-01-23T18:05:08 IST" name="browserSetup" finished-at="2026-01-23T18:05:17 IST" duration-ms="8851" status="PASS">
          <reporter-output>
          </reporter-output>
        </test-method> <!-- browserSetup -->
        <test-method signature="userLogin(java.lang.String,java.lang.String,java.lang.String)[pri:0, instance:com.orangehrm.TestCases.VerifyLoginWithValidCredential@74e52ef6]" started-at="2026-01-23T18:05:17 IST" name="userLogin" data-provider="UserData" finished-at="2026-01-23T18:05:21 IST" duration-ms="4282" status="PASS">
          <params>
            <param index="0">
              <value>
                <![CDATA[Admin]]>
              </value>
            </param>
            <param index="1">
              <value>
                <![CDATA[admin123]]>
              </value>
            </param>
            <param index="2">
              <value>
                <![CDATA[Dashboard]]>
              </value>
            </param>
          </params>
          <reporter-output>
          </reporter-output>
        </test-method> <!-- userLogin -->
      </class> <!-- com.orangehrm.TestCases.VerifyLoginWithValidCredential -->
      <class name="com.orangehrm.TestCases.VerifyAdminPage">
        <test-method is-config="true" signature="browserSetup()[pri:0, instance:com.orangehrm.TestCases.VerifyAdminPage@6f4a47c7]" started-at="2026-01-23T18:05:21 IST" name="browserSetup" finished-at="2026-01-23T18:05:30 IST" duration-ms="8363" status="PASS">
          <reporter-output>
          </reporter-output>
        </test-method> <!-- browserSetup -->
        <test-method signature="userAdminPage(java.lang.String,java.lang.String,java.lang.String)[pri:0, instance:com.orangehrm.TestCases.VerifyAdminPage@6f4a47c7]" started-at="2026-01-23T18:05:30 IST" name="userAdminPage" data-provider="UserVerifyOnAdminPage" finished-at="2026-01-23T18:05:36 IST" duration-ms="5876" status="PASS">
          <params>
            <param index="0">
              <value>
                <![CDATA[Admin]]>
              </value>
            </param>
            <param index="1">
              <value>
                <![CDATA[admin123]]>
              </value>
            </param>
            <param index="2">
              <value>
                <![CDATA[Admin]]>
              </value>
            </param>
          </params>
          <reporter-output>
          </reporter-output>
        </test-method> <!-- userAdminPage -->
      </class> <!-- com.orangehrm.TestCases.VerifyAdminPage -->
    </test> <!-- Test -->
  </suite> <!-- Suite -->
</testng-results>
